01:56:46.824 Maximum inflight messages: 1000
01:56:46.828 Total messages: 1000000
01:56:47.830  Tot Msg 3048    Cur MPS 3030    Avg MPS 3030    Max MPS 3030
01:56:48.831  Tot Msg 5656    Cur MPS 2603    Avg MPS 2817    Max MPS 3030
01:56:49.832  Tot Msg 7058    Cur MPS 1401    Avg MPS 2346    Max MPS 3030
01:56:50.832  Tot Msg 9517    Cur MPS 2459    Avg MPS 2374    Max MPS 3030
01:56:51.833  Tot Msg 10723   Cur MPS 1205    Avg MPS 2140    Max MPS 3030
01:56:52.835  Tot Msg 13486   Cur MPS 2757    Avg MPS 2243    Max MPS 3030
01:56:53.834  Tot Msg 16105   Cur MPS 2622    Avg MPS 2297    Max MPS 3030
01:56:54.836  Tot Msg 17513   Cur MPS 1405    Avg MPS 2186    Max MPS 3030
01:56:55.836  Tot Msg 20445   Cur MPS 2932    Avg MPS 2268    Max MPS 3030
01:56:56.836  Tot Msg 21757   Cur MPS 1312    Avg MPS 2173    Max MPS 3030
01:56:57.837  Tot Msg 23901   Cur MPS 2142    Avg MPS 2170    Max MPS 3030
01:56:58.837  Tot Msg 25262   Cur MPS 1361    Avg MPS 2103    Max MPS 3030
01:56:59.837  Tot Msg 27874   Cur MPS 2612    Avg MPS 2142    Max MPS 3030
01:57:00.838  Tot Msg 29362   Cur MPS 1487    Avg MPS 2095    Max MPS 3030
01:57:01.838  Tot Msg 31661   Cur MPS 2299    Avg MPS 2109    Max MPS 3030
01:57:02.838  Tot Msg 33463   Cur MPS 1804    Avg MPS 2090    Max MPS 3030
01:57:03.838  Tot Msg 35794   Cur MPS 2329    Avg MPS 2104    Max MPS 3030
01:57:04.842  Tot Msg 38898   Cur MPS 3092    Avg MPS 2159    Max MPS 3092
01:57:05.842  Tot Msg 38898   Cur MPS 0       Avg MPS 2045    Max MPS 3092
01:57:06.843  Tot Msg 40306   Cur MPS 1408    Avg MPS 2013    Max MPS 3092
01:57:07.843  Tot Msg 42642   Cur MPS 2334    Avg MPS 2029    Max MPS 3092
01:57:08.845  Tot Msg 43970   Cur MPS 1325    Avg MPS 1997    Max MPS 3092
01:57:09.846  Tot Msg 46754   Cur MPS 2781    Avg MPS 2031    Max MPS 3092
01:57:10.846  Tot Msg 49970   Cur MPS 3216    Avg MPS 2080    Max MPS 3216
01:57:11.847  Tot Msg 51508   Cur MPS 1538    Avg MPS 2058    Max MPS 3216
01:57:12.847  Tot Msg 52195   Cur MPS 687     Avg MPS 2006    Max MPS 3216
01:57:13.846  Tot Msg 53869   Cur MPS 1674    Avg MPS 1993    Max MPS 3216
01:57:14.847  Tot Msg 55117   Cur MPS 1247    Avg MPS 1967    Max MPS 3216
01:57:15.848  Tot Msg 57790   Cur MPS 2670    Avg MPS 1991    Max MPS 3216
01:57:16.847  Tot Msg 60578   Cur MPS 2791    Avg MPS 2018    Max MPS 3216
01:57:17.848  Tot Msg 62898   Cur MPS 2318    Avg MPS 2027    Max MPS 3216
01:57:18.849  Tot Msg 65287   Cur MPS 2387    Avg MPS 2039    Max MPS 3216
01:57:19.848  Tot Msg 67255   Cur MPS 1970    Avg MPS 2036    Max MPS 3216
01:57:20.849  Tot Msg 70562   Cur MPS 3304    Avg MPS 2074    Max MPS 3304
01:57:21.850  Tot Msg 71826   Cur MPS 1263    Avg MPS 2051    Max MPS 3304
01:57:22.850  Tot Msg 73285   Cur MPS 1459    Avg MPS 2034    Max MPS 3304
01:57:23.851  Tot Msg 75342   Cur MPS 2055    Avg MPS 2035    Max MPS 3304
01:57:24.851  Tot Msg 77858   Cur MPS 2516    Avg MPS 2047    Max MPS 3304
01:57:25.852  Tot Msg 80275   Cur MPS 2415    Avg MPS 2057    Max MPS 3304
01:57:26.852  Tot Msg 82626   Cur MPS 2351    Avg MPS 2064    Max MPS 3304
01:57:27.853  Tot Msg 86174   Cur MPS 3544    Avg MPS 2100    Max MPS 3544
01:57:28.853  Tot Msg 87643   Cur MPS 1469    Avg MPS 2085    Max MPS 3544
01:57:29.854  Tot Msg 90202   Cur MPS 2556    Avg MPS 2096    Max MPS 3544
01:57:30.855  Tot Msg 92670   Cur MPS 2466    Avg MPS 2105    Max MPS 3544
01:57:31.856  Tot Msg 94891   Cur MPS 2219    Avg MPS 2107    Max MPS 3544
01:57:32.858  Tot Msg 97662   Cur MPS 2765    Avg MPS 2121    Max MPS 3544
01:57:33.858  Tot Msg 99266   Cur MPS 1604    Avg MPS 2110    Max MPS 3544
01:57:34.858  Tot Msg 103526  Cur MPS 4260    Avg MPS 2155    Max MPS 4260
01:57:35.859  Tot Msg 105058  Cur MPS 1530    Avg MPS 2142    Max MPS 4260
01:57:36.861  Tot Msg 107422  Cur MPS 2359    Avg MPS 2147    Max MPS 4260
01:57:37.863  Tot Msg 110794  Cur MPS 3365    Avg MPS 2171    Max MPS 4260
01:57:38.864  Tot Msg 111994  Cur MPS 1200    Avg MPS 2152    Max MPS 4260
01:57:39.864  Tot Msg 114162  Cur MPS 2166    Avg MPS 2152    Max MPS 4260
01:57:40.865  Tot Msg 116386  Cur MPS 2224    Avg MPS 2154    Max MPS 4260
01:57:41.865  Tot Msg 119049  Cur MPS 2660    Avg MPS 2163    Max MPS 4260
01:57:42.867  Tot Msg 122015  Cur MPS 2963    Avg MPS 2177    Max MPS 4260
01:57:43.867  Tot Msg 125257  Cur MPS 3239    Avg MPS 2196    Max MPS 4260
01:57:44.866  Tot Msg 126537  Cur MPS 1281    Avg MPS 2180    Max MPS 4260
01:57:45.868  Tot Msg 129409  Cur MPS 2866    Avg MPS 2192    Max MPS 4260
01:57:46.869  Tot Msg 132730  Cur MPS 3318    Avg MPS 2210    Max MPS 4260
01:57:47.874  Tot Msg 135352  Cur MPS 2609    Avg MPS 2217    Max MPS 4260
01:57:48.875  Tot Msg 137854  Cur MPS 2500    Avg MPS 2222    Max MPS 4260
01:57:49.875  Tot Msg 141064  Cur MPS 3210    Avg MPS 2237    Max MPS 4260
01:57:50.875  Tot Msg 143858  Cur MPS 2794    Avg MPS 2246    Max MPS 4260
01:57:51.875  Tot Msg 145518  Cur MPS 1660    Avg MPS 2237    Max MPS 4260
01:57:52.876  Tot Msg 145534  Cur MPS 16      Avg MPS 2203    Max MPS 4260
01:57:53.877  Tot Msg 149457  Cur MPS 3919    Avg MPS 2229    Max MPS 4260
01:57:54.877  Tot Msg 151049  Cur MPS 1592    Avg MPS 2220    Max MPS 4260
01:57:55.878  Tot Msg 153779  Cur MPS 2727    Avg MPS 2227    Max MPS 4260
01:57:56.879  Tot Msg 156631  Cur MPS 2849    Avg MPS 2236    Max MPS 4260
01:57:57.880  Tot Msg 158215  Cur MPS 1584    Avg MPS 2227    Max MPS 4260
01:57:58.880  Tot Msg 160861  Cur MPS 2643    Avg MPS 2232    Max MPS 4260
01:57:59.881  Tot Msg 163363  Cur MPS 2500    Avg MPS 2236    Max MPS 4260
01:58:00.881  Tot Msg 164925  Cur MPS 1562    Avg MPS 2227    Max MPS 4260
01:58:01.882  Tot Msg 166994  Cur MPS 2067    Avg MPS 2225    Max MPS 4260
01:58:02.882  Tot Msg 170489  Cur MPS 3495    Avg MPS 2242    Max MPS 4260
01:58:03.882  Tot Msg 173016  Cur MPS 2527    Avg MPS 2245    Max MPS 4260
01:58:04.882  Tot Msg 174658  Cur MPS 1642    Avg MPS 2238    Max MPS 4260
01:58:05.883  Tot Msg 176850  Cur MPS 2190    Avg MPS 2237    Max MPS 4260
01:58:06.884  Tot Msg 180530  Cur MPS 3676    Avg MPS 2255    Max MPS 4260
01:58:07.885  Tot Msg 182942  Cur MPS 2410    Avg MPS 2257    Max MPS 4260
01:58:08.887  Tot Msg 184561  Cur MPS 1617    Avg MPS 2249    Max MPS 4260
01:58:09.888  Tot Msg 187953  Cur MPS 3385    Avg MPS 2263    Max MPS 4260
01:58:10.888  Tot Msg 191698  Cur MPS 3745    Avg MPS 2280    Max MPS 4260
01:58:11.888  Tot Msg 193202  Cur MPS 1504    Avg MPS 2271    Max MPS 4260
01:58:12.889  Tot Msg 196654  Cur MPS 3449    Avg MPS 2285    Max MPS 4260
01:58:13.891  Tot Msg 198104  Cur MPS 1449    Avg MPS 2275    Max MPS 4260
01:58:14.892  Tot Msg 200819  Cur MPS 2710    Avg MPS 2280    Max MPS 4260
01:58:15.894  Tot Msg 202622  Cur MPS 1799    Avg MPS 2275    Max MPS 4260
01:58:16.894  Tot Msg 203623  Cur MPS 1001    Avg MPS 2261    Max MPS 4260
01:58:17.894  Tot Msg 205894  Cur MPS 2271    Avg MPS 2261    Max MPS 4260
01:58:18.896  Tot Msg 208856  Cur MPS 2956    Avg MPS 2268    Max MPS 4260
01:58:19.896  Tot Msg 211842  Cur MPS 2986    Avg MPS 2276    Max MPS 4260
01:58:20.897  Tot Msg 214753  Cur MPS 2908    Avg MPS 2283    Max MPS 4260
01:58:21.897  Tot Msg 216451  Cur MPS 1698    Avg MPS 2277    Max MPS 4260
01:58:22.898  Tot Msg 220248  Cur MPS 3793    Avg MPS 2292    Max MPS 4260
01:58:23.899  Tot Msg 221651  Cur MPS 1402    Avg MPS 2283    Max MPS 4260
01:58:24.901  Tot Msg 224461  Cur MPS 2804    Avg MPS 2289    Max MPS 4260
01:58:25.902  Tot Msg 225694  Cur MPS 1232    Avg MPS 2278    Max MPS 4260
01:58:26.904  Tot Msg 228350  Cur MPS 2653    Avg MPS 2282    Max MPS 4260
01:58:27.904  Tot Msg 231397  Cur MPS 3044    Avg MPS 2289    Max MPS 4260
01:58:28.905  Tot Msg 232776  Cur MPS 1378    Avg MPS 2280    Max MPS 4260
01:58:29.906  Tot Msg 234956  Cur MPS 2178    Avg MPS 2279    Max MPS 4260
01:58:30.907  Tot Msg 237985  Cur MPS 3026    Avg MPS 2286    Max MPS 4260
01:58:31.909  Tot Msg 241090  Cur MPS 3102    Avg MPS 2294    Max MPS 4260
01:58:32.909  Tot Msg 242130  Cur MPS 1039    Avg MPS 2282    Max MPS 4260
01:58:33.910  Tot Msg 244648  Cur MPS 2515    Avg MPS 2285    Max MPS 4260
01:58:34.912  Tot Msg 247150  Cur MPS 2497    Avg MPS 2287    Max MPS 4260
01:58:35.914  Tot Msg 250163  Cur MPS 3007    Avg MPS 2293    Max MPS 4260
01:58:36.917  Tot Msg 252648  Cur MPS 2478    Avg MPS 2295    Max MPS 4260
01:58:37.919  Tot Msg 255027  Cur MPS 2374    Avg MPS 2296    Max MPS 4260
01:58:38.921  Tot Msg 257256  Cur MPS 2225    Avg MPS 2295    Max MPS 4260
01:58:39.921  Tot Msg 259880  Cur MPS 2624    Avg MPS 2298    Max MPS 4260
01:58:40.923  Tot Msg 262308  Cur MPS 2423    Avg MPS 2299    Max MPS 4260
01:58:41.923  Tot Msg 263660  Cur MPS 1352    Avg MPS 2291    Max MPS 4260
01:58:42.924  Tot Msg 266648  Cur MPS 2985    Avg MPS 2297    Max MPS 4260
01:58:43.926  Tot Msg 269016  Cur MPS 2363    Avg MPS 2297    Max MPS 4260
01:58:44.927  Tot Msg 270664  Cur MPS 1646    Avg MPS 2292    Max MPS 4260
01:58:45.928  Tot Msg 273311  Cur MPS 2644    Avg MPS 2295    Max MPS 4260
01:58:46.929  Tot Msg 275693  Cur MPS 2380    Avg MPS 2295    Max MPS 4260
01:58:47.930  Tot Msg 278120  Cur MPS 2427    Avg MPS 2297    Max MPS 4260
01:58:48.930  Tot Msg 279368  Cur MPS 1247    Avg MPS 2288    Max MPS 4260
01:58:49.931  Tot Msg 281751  Cur MPS 2381    Avg MPS 2289    Max MPS 4260
01:58:50.932  Tot Msg 284648  Cur MPS 2894    Avg MPS 2294    Max MPS 4260
01:58:51.933  Tot Msg 286968  Cur MPS 2318    Avg MPS 2294    Max MPS 4260
01:58:52.934  Tot Msg 289259  Cur MPS 2289    Avg MPS 2294    Max MPS 4260
01:58:53.936  Tot Msg 291166  Cur MPS 1903    Avg MPS 2291    Max MPS 4260
01:58:54.938  Tot Msg 293256  Cur MPS 2086    Avg MPS 2289    Max MPS 4260
01:58:55.938  Tot Msg 296009  Cur MPS 2753    Avg MPS 2293    Max MPS 4260
01:58:56.939  Tot Msg 298549  Cur MPS 2537    Avg MPS 2294    Max MPS 4260
01:58:57.939  Tot Msg 301115  Cur MPS 2566    Avg MPS 2297    Max MPS 4260
01:58:58.939  Tot Msg 303852  Cur MPS 2737    Avg MPS 2300    Max MPS 4260
01:58:59.939  Tot Msg 305866  Cur MPS 2014    Avg MPS 2298    Max MPS 4260
01:59:00.940  Tot Msg 305898  Cur MPS 32      Avg MPS 2281    Max MPS 4260
01:59:01.941  Tot Msg 307354  Cur MPS 1455    Avg MPS 2275    Max MPS 4260
01:59:02.941  Tot Msg 310360  Cur MPS 3006    Avg MPS 2280    Max MPS 4260
01:59:03.942  Tot Msg 312856  Cur MPS 2494    Avg MPS 2282    Max MPS 4260
01:59:04.943  Tot Msg 316377  Cur MPS 3517    Avg MPS 2291    Max MPS 4260
01:59:05.944  Tot Msg 317517  Cur MPS 1139    Avg MPS 2282    Max MPS 4260
01:59:06.945  Tot Msg 320759  Cur MPS 3239    Avg MPS 2289    Max MPS 4260
01:59:07.947  Tot Msg 323657  Cur MPS 2892    Avg MPS 2293    Max MPS 4260
01:59:08.947  Tot Msg 326194  Cur MPS 2537    Avg MPS 2295    Max MPS 4260
01:59:09.949  Tot Msg 327987  Cur MPS 1789    Avg MPS 2292    Max MPS 4260
01:59:10.950  Tot Msg 330376  Cur MPS 2387    Avg MPS 2292    Max MPS 4260
01:59:11.952  Tot Msg 333181  Cur MPS 2799    Avg MPS 2296    Max MPS 4260
01:59:12.953  Tot Msg 336250  Cur MPS 3066    Avg MPS 2301    Max MPS 4260
01:59:13.954  Tot Msg 337849  Cur MPS 1597    Avg MPS 2296    Max MPS 4260
01:59:14.956  Tot Msg 340622  Cur MPS 2767    Avg MPS 2299    Max MPS 4260
01:59:15.957  Tot Msg 343149  Cur MPS 2524    Avg MPS 2301    Max MPS 4260
01:59:16.957  Tot Msg 345208  Cur MPS 2059    Avg MPS 2299    Max MPS 4260
01:59:17.957  Tot Msg 346472  Cur MPS 1264    Avg MPS 2292    Max MPS 4260
01:59:18.958  Tot Msg 348413  Cur MPS 1939    Avg MPS 2290    Max MPS 4260
01:59:19.958  Tot Msg 351266  Cur MPS 2853    Avg MPS 2294    Max MPS 4260
01:59:20.959  Tot Msg 353152  Cur MPS 1884    Avg MPS 2291    Max MPS 4260
01:59:21.960  Tot Msg 356263  Cur MPS 3108    Avg MPS 2296    Max MPS 4260
01:59:22.960  Tot Msg 359548  Cur MPS 3285    Avg MPS 2303    Max MPS 4260
01:59:23.961  Tot Msg 361081  Cur MPS 1533    Avg MPS 2298    Max MPS 4260
01:59:24.962  Tot Msg 363006  Cur MPS 1921    Avg MPS 2295    Max MPS 4260
01:59:25.963  Tot Msg 366523  Cur MPS 3513    Avg MPS 2303    Max MPS 4260
01:59:26.963  Tot Msg 369069  Cur MPS 2546    Avg MPS 2305    Max MPS 4260
01:59:27.964  Tot Msg 370430  Cur MPS 1361    Avg MPS 2299    Max MPS 4260
01:59:28.964  Tot Msg 372973  Cur MPS 2543    Avg MPS 2300    Max MPS 4260
01:59:29.964  Tot Msg 375726  Cur MPS 2750    Avg MPS 2303    Max MPS 4260
01:59:30.965  Tot Msg 377181  Cur MPS 1454    Avg MPS 2298    Max MPS 4260
01:59:31.966  Tot Msg 379758  Cur MPS 2574    Avg MPS 2300    Max MPS 4260
01:59:32.967  Tot Msg 383154  Cur MPS 3393    Avg MPS 2306    Max MPS 4260
01:59:33.967  Tot Msg 386114  Cur MPS 2960    Avg MPS 2310    Max MPS 4260
01:59:34.968  Tot Msg 389112  Cur MPS 2998    Avg MPS 2314    Max MPS 4260
01:59:35.968  Tot Msg 390562  Cur MPS 1449    Avg MPS 2309    Max MPS 4260
01:59:36.969  Tot Msg 393336  Cur MPS 2771    Avg MPS 2312    Max MPS 4260
01:59:37.970  Tot Msg 394973  Cur MPS 1637    Avg MPS 2308    Max MPS 4260
01:59:38.971  Tot Msg 397050  Cur MPS 2073    Avg MPS 2306    Max MPS 4260
01:59:39.971  Tot Msg 399923  Cur MPS 2873    Avg MPS 2310    Max MPS 4260
01:59:40.973  Tot Msg 402888  Cur MPS 2959    Avg MPS 2313    Max MPS 4260
01:59:41.974  Tot Msg 405259  Cur MPS 2369    Avg MPS 2314    Max MPS 4260
01:59:42.975  Tot Msg 408307  Cur MPS 3045    Avg MPS 2318    Max MPS 4260
01:59:43.976  Tot Msg 410230  Cur MPS 1921    Avg MPS 2316    Max MPS 4260
01:59:44.977  Tot Msg 413304  Cur MPS 3071    Avg MPS 2320    Max MPS 4260
01:59:45.978  Tot Msg 415048  Cur MPS 1742    Avg MPS 2317    Max MPS 4260
01:59:46.978  Tot Msg 417673  Cur MPS 2625    Avg MPS 2318    Max MPS 4260
01:59:47.978  Tot Msg 420450  Cur MPS 2777    Avg MPS 2321    Max MPS 4260
01:59:48.980  Tot Msg 421650  Cur MPS 1199    Avg MPS 2315    Max MPS 4260
01:59:49.980  Tot Msg 424281  Cur MPS 2628    Avg MPS 2316    Max MPS 4260
01:59:50.980  Tot Msg 426700  Cur MPS 2419    Avg MPS 2317    Max MPS 4260
01:59:51.980  Tot Msg 429458  Cur MPS 2758    Avg MPS 2319    Max MPS 4260
01:59:52.981  Tot Msg 429458  Cur MPS 0       Avg MPS 2307    Max MPS 4260
01:59:53.983  Tot Msg 429458  Cur MPS 0       Avg MPS 2295    Max MPS 4260
01:59:54.984  Tot Msg 431234  Cur MPS 1774    Avg MPS 2292    Max MPS 4260
01:59:55.985  Tot Msg 434056  Cur MPS 2819    Avg MPS 2295    Max MPS 4260
01:59:56.988  Tot Msg 436619  Cur MPS 2555    Avg MPS 2296    Max MPS 4260
01:59:57.989  Tot Msg 437960  Cur MPS 1340    Avg MPS 2291    Max MPS 4260
01:59:58.991  Tot Msg 441876  Cur MPS 3908    Avg MPS 2299    Max MPS 4260
01:59:59.991  Tot Msg 444730  Cur MPS 2854    Avg MPS 2302    Max MPS 4260
02:00:00.991  Tot Msg 446498  Cur MPS 1768    Avg MPS 2300    Max MPS 4260
02:00:01.991  Tot Msg 448814  Cur MPS 2316    Avg MPS 2300    Max MPS 4260
02:00:02.994  Tot Msg 451458  Cur MPS 2636    Avg MPS 2301    Max MPS 4260
02:00:03.994  Tot Msg 454457  Cur MPS 2999    Avg MPS 2305    Max MPS 4260
02:00:04.995  Tot Msg 455548  Cur MPS 1090    Avg MPS 2299    Max MPS 4260
02:00:05.996  Tot Msg 458168  Cur MPS 2617    Avg MPS 2300    Max MPS 4260
02:00:06.996  Tot Msg 460661  Cur MPS 2493    Avg MPS 2301    Max MPS 4260
02:00:07.997  Tot Msg 463058  Cur MPS 2395    Avg MPS 2302    Max MPS 4260
02:00:08.998  Tot Msg 464657  Cur MPS 1597    Avg MPS 2298    Max MPS 4260
02:00:09.998  Tot Msg 467560  Cur MPS 2903    Avg MPS 2301    Max MPS 4260
02:00:10.999  Tot Msg 469954  Cur MPS 2392    Avg MPS 2302    Max MPS 4260
02:00:11.999  Tot Msg 471651  Cur MPS 1697    Avg MPS 2299    Max MPS 4260
02:00:13.002  Tot Msg 474627  Cur MPS 2967    Avg MPS 2302    Max MPS 4260
02:00:14.003  Tot Msg 476002  Cur MPS 1374    Avg MPS 2298    Max MPS 4260
02:00:15.005  Tot Msg 478249  Cur MPS 2243    Avg MPS 2297    Max MPS 4260
02:00:16.006  Tot Msg 478525  Cur MPS 276     Avg MPS 2288    Max MPS 4260
02:00:17.008  Tot Msg 478781  Cur MPS 255     Avg MPS 2278    Max MPS 4260
02:00:18.008  Tot Msg 479880  Cur MPS 1099    Avg MPS 2272    Max MPS 4260
02:00:19.009  Tot Msg 481758  Cur MPS 1876    Avg MPS 2270    Max MPS 4260
02:00:20.012  Tot Msg 483192  Cur MPS 1430    Avg MPS 2266    Max MPS 4260
02:00:21.013  Tot Msg 485449  Cur MPS 2255    Avg MPS 2266    Max MPS 4260
02:00:22.014  Tot Msg 486504  Cur MPS 1054    Avg MPS 2261    Max MPS 4260
02:00:23.015  Tot Msg 487197  Cur MPS 692     Avg MPS 2254    Max MPS 4260
02:00:24.017  Tot Msg 487197  Cur MPS 0       Avg MPS 2243    Max MPS 4260
02:00:25.017  Tot Msg 487197  Cur MPS 0       Avg MPS 2233    Max MPS 4260
02:00:26.017  Tot Msg 487853  Cur MPS 656     Avg MPS 2226    Max MPS 4260
02:00:27.018  Tot Msg 489259  Cur MPS 1405    Avg MPS 2222    Max MPS 4260
02:00:28.019  Tot Msg 491463  Cur MPS 2202    Avg MPS 2222    Max MPS 4260
02:00:29.022  Tot Msg 493341  Cur MPS 1872    Avg MPS 2220    Max MPS 4260
02:00:30.023  Tot Msg 494962  Cur MPS 1619    Avg MPS 2218    Max MPS 4260
02:00:31.024  Tot Msg 496274  Cur MPS 1311    Avg MPS 2214    Max MPS 4260
02:00:32.025  Tot Msg 497760  Cur MPS 1485    Avg MPS 2210    Max MPS 4260
02:00:33.026  Tot Msg 497888  Cur MPS 128     Avg MPS 2201    Max MPS 4260
02:00:34.027  Tot Msg 500025  Cur MPS 2135    Avg MPS 2201    Max MPS 4260
02:00:35.028  Tot Msg 503250  Cur MPS 3222    Avg MPS 2205    Max MPS 4260
02:00:36.029  Tot Msg 504850  Cur MPS 1598    Avg MPS 2203    Max MPS 4260
02:00:37.029  Tot Msg 505960  Cur MPS 1110    Avg MPS 2198    Max MPS 4260
02:00:38.029  Tot Msg 508653  Cur MPS 2693    Avg MPS 2200    Max MPS 4260
02:00:39.030  Tot Msg 509858  Cur MPS 1204    Avg MPS 2196    Max MPS 4260
02:00:40.031  Tot Msg 512451  Cur MPS 2590    Avg MPS 2197    Max MPS 4260
02:00:41.031  Tot Msg 514635  Cur MPS 2184    Avg MPS 2197    Max MPS 4260
02:00:42.032  Tot Msg 517618  Cur MPS 2980    Avg MPS 2201    Max MPS 4260
02:00:43.033  Tot Msg 518803  Cur MPS 1184    Avg MPS 2196    Max MPS 4260
02:00:44.034  Tot Msg 520558  Cur MPS 1753    Avg MPS 2194    Max MPS 4260
02:00:45.035  Tot Msg 521648  Cur MPS 1089    Avg MPS 2190    Max MPS 4260
02:00:46.035  Tot Msg 523154  Cur MPS 1506    Avg MPS 2187    Max MPS 4260
02:00:47.037  Tot Msg 525173  Cur MPS 2015    Avg MPS 2186    Max MPS 4260
02:00:48.038  Tot Msg 527666  Cur MPS 2491    Avg MPS 2188    Max MPS 4260
02:00:49.039  Tot Msg 528854  Cur MPS 1188    Avg MPS 2183    Max MPS 4260
02:00:50.043  Tot Msg 530162  Cur MPS 1301    Avg MPS 2180    Max MPS 4260
02:00:51.043  Tot Msg 530968  Cur MPS 806     Avg MPS 2174    Max MPS 4260
02:00:52.044  Tot Msg 530968  Cur MPS 0       Avg MPS 2165    Max MPS 4260
02:00:53.045  Tot Msg 530968  Cur MPS 0       Avg MPS 2156    Max MPS 4260
02:00:54.046  Tot Msg 530968  Cur MPS 0       Avg MPS 2148    Max MPS 4260
02:00:55.047  Tot Msg 531080  Cur MPS 112     Avg MPS 2140    Max MPS 4260
02:00:56.047  Tot Msg 532456  Cur MPS 1376    Avg MPS 2136    Max MPS 4260
02:00:57.048  Tot Msg 533018  Cur MPS 561     Avg MPS 2130    Max MPS 4260
02:00:58.049  Tot Msg 533034  Cur MPS 16      Avg MPS 2122    Max MPS 4260
02:00:59.050  Tot Msg 535082  Cur MPS 2046    Avg MPS 2121    Max MPS 4260
02:01:00.051  Tot Msg 535084  Cur MPS 2       Avg MPS 2113    Max MPS 4260
02:01:01.053  Tot Msg 535084  Cur MPS 0       Avg MPS 2105    Max MPS 4260
02:01:02.055  Tot Msg 535084  Cur MPS 0       Avg MPS 2096    Max MPS 4260
02:01:03.055  Tot Msg 535084  Cur MPS 0       Avg MPS 2088    Max MPS 4260
02:01:04.056  Tot Msg 535148  Cur MPS 64      Avg MPS 2080    Max MPS 4260
02:01:05.056  Tot Msg 536882  Cur MPS 1734    Avg MPS 2079    Max MPS 4260
02:01:06.056  Tot Msg 536882  Cur MPS 0       Avg MPS 2071    Max MPS 4260
02:01:07.056  Tot Msg 537211  Cur MPS 329     Avg MPS 2064    Max MPS 4260
02:01:08.057  Tot Msg 537211  Cur MPS 0       Avg MPS 2056    Max MPS 4260
02:01:09.059  Tot Msg 537211  Cur MPS 0       Avg MPS 2049    Max MPS 4260
02:01:10.060  Tot Msg 537211  Cur MPS 0       Avg MPS 2041    Max MPS 4260
02:01:11.061  Tot Msg 537211  Cur MPS 0       Avg MPS 2033    Max MPS 4260
02:01:12.063  Tot Msg 538203  Cur MPS 990     Avg MPS 2029    Max MPS 4260
02:01:13.063  Tot Msg 539270  Cur MPS 1067    Avg MPS 2026    Max MPS 4260
02:01:14.064  Tot Msg 542343  Cur MPS 3070    Avg MPS 2029    Max MPS 4260
02:01:15.066  Tot Msg 543730  Cur MPS 1384    Avg MPS 2027    Max MPS 4260
02:01:16.065  Tot Msg 546958  Cur MPS 3231    Avg MPS 2031    Max MPS 4260
02:01:17.065  Tot Msg 548152  Cur MPS 1194    Avg MPS 2028    Max MPS 4260
02:01:18.066  Tot Msg 549653  Cur MPS 1501    Avg MPS 2026    Max MPS 4260
02:01:19.066  Tot Msg 549653  Cur MPS 0       Avg MPS 2019    Max MPS 4260
02:01:20.066  Tot Msg 549653  Cur MPS 0       Avg MPS 2012    Max MPS 4260
02:01:21.065  Tot Msg 550389  Cur MPS 736     Avg MPS 2007    Max MPS 4260
02:01:22.066  Tot Msg 553449  Cur MPS 3057    Avg MPS 2011    Max MPS 4260
02:01:23.066  Tot Msg 555248  Cur MPS 1799    Avg MPS 2010    Max MPS 4260
02:01:24.067  Tot Msg 556423  Cur MPS 1174    Avg MPS 2007    Max MPS 4260
02:01:25.068  Tot Msg 558471  Cur MPS 2046    Avg MPS 2007    Max MPS 4260
02:01:26.068  Tot Msg 560037  Cur MPS 1566    Avg MPS 2006    Max MPS 4260
02:01:27.070  Tot Msg 563538  Cur MPS 3494    Avg MPS 2011    Max MPS 4260
02:01:28.071  Tot Msg 566465  Cur MPS 2924    Avg MPS 2014    Max MPS 4260
02:01:29.071  Tot Msg 568004  Cur MPS 1539    Avg MPS 2012    Max MPS 4260
02:01:30.073  Tot Msg 571970  Cur MPS 3958    Avg MPS 2019    Max MPS 4260
02:01:31.074  Tot Msg 574087  Cur MPS 2115    Avg MPS 2020    Max MPS 4260
02:01:32.074  Tot Msg 576762  Cur MPS 2675    Avg MPS 2022    Max MPS 4260
02:01:33.076  Tot Msg 576798  Cur MPS 36      Avg MPS 2015    Max MPS 4260
02:01:34.079  Tot Msg 578510  Cur MPS 1707    Avg MPS 2014    Max MPS 4260
02:01:35.081  Tot Msg 580082  Cur MPS 1569    Avg MPS 2012    Max MPS 4260
02:01:36.081  Tot Msg 582478  Cur MPS 2396    Avg MPS 2014    Max MPS 4260
02:01:37.082  Tot Msg 584951  Cur MPS 2471    Avg MPS 2015    Max MPS 4260
02:01:38.083  Tot Msg 584999  Cur MPS 48      Avg MPS 2009    Max MPS 4260
02:01:39.083  Tot Msg 587047  Cur MPS 2048    Avg MPS 2009    Max MPS 4260
02:01:40.083  Tot Msg 590451  Cur MPS 3407    Avg MPS 2013    Max MPS 4260
02:01:41.082  Tot Msg 591886  Cur MPS 1435    Avg MPS 2011    Max MPS 4260
02:01:42.083  Tot Msg 594625  Cur MPS 2736    Avg MPS 2014    Max MPS 4260
02:01:43.083  Tot Msg 596008  Cur MPS 1383    Avg MPS 2012    Max MPS 4260
02:01:44.085  Tot Msg 597455  Cur MPS 1444    Avg MPS 2010    Max MPS 4260
02:01:45.089  Tot Msg 599503  Cur MPS 2042    Avg MPS 2010    Max MPS 4260
02:01:46.089  Tot Msg 601048  Cur MPS 1543    Avg MPS 2008    Max MPS 4260
02:01:47.096  Tot Msg 604418  Cur MPS 3347    Avg MPS 2013    Max MPS 4260
02:01:48.098  Tot Msg 605307  Cur MPS 887     Avg MPS 2009    Max MPS 4260
02:01:49.099  Tot Msg 605611  Cur MPS 304     Avg MPS 2004    Max MPS 4260
02:01:50.101  Tot Msg 607709  Cur MPS 2094    Avg MPS 2004    Max MPS 4260
02:01:51.102  Tot Msg 610354  Cur MPS 2645    Avg MPS 2006    Max MPS 4260
02:01:52.103  Tot Msg 612650  Cur MPS 2291    Avg MPS 2007    Max MPS 4260
02:01:53.104  Tot Msg 614958  Cur MPS 2308    Avg MPS 2008    Max MPS 4260
02:01:54.105  Tot Msg 616290  Cur MPS 1329    Avg MPS 2006    Max MPS 4260
02:01:55.106  Tot Msg 618366  Cur MPS 2074    Avg MPS 2006    Max MPS 4260
02:01:56.108  Tot Msg 621256  Cur MPS 2884    Avg MPS 2009    Max MPS 4260
02:01:57.112  Tot Msg 622953  Cur MPS 1692    Avg MPS 2008    Max MPS 4260
02:01:58.112  Tot Msg 625768  Cur MPS 2812    Avg MPS 2010    Max MPS 4260
02:01:59.114  Tot Msg 628711  Cur MPS 2937    Avg MPS 2013    Max MPS 4260
02:02:00.115  Tot Msg 631058  Cur MPS 2345    Avg MPS 2014    Max MPS 4260
02:02:01.116  Tot Msg 633458  Cur MPS 2398    Avg MPS 2016    Max MPS 4260
02:02:02.117  Tot Msg 635954  Cur MPS 2494    Avg MPS 2017    Max MPS 4260
02:02:03.118  Tot Msg 637570  Cur MPS 1614    Avg MPS 2016    Max MPS 4260
02:02:04.125  Tot Msg 640652  Cur MPS 3061    Avg MPS 2019    Max MPS 4260
02:02:05.126  Tot Msg 643961  Cur MPS 3306    Avg MPS 2023    Max MPS 4260
02:02:06.126  Tot Msg 647349  Cur MPS 3388    Avg MPS 2027    Max MPS 4260
02:02:07.129  Tot Msg 648921  Cur MPS 1567    Avg MPS 2026    Max MPS 4260
02:02:08.130  Tot Msg 651523  Cur MPS 2599    Avg MPS 2028    Max MPS 4260
02:02:09.131  Tot Msg 654537  Cur MPS 3011    Avg MPS 2031    Max MPS 4260
02:02:10.131  Tot Msg 657160  Cur MPS 2623    Avg MPS 2033    Max MPS 4260
02:02:11.131  Tot Msg 660089  Cur MPS 2929    Avg MPS 2035    Max MPS 4260
02:02:12.133  Tot Msg 662953  Cur MPS 2858    Avg MPS 2038    Max MPS 4260
02:02:13.133  Tot Msg 665578  Cur MPS 2625    Avg MPS 2040    Max MPS 4260
02:02:14.134  Tot Msg 666858  Cur MPS 1279    Avg MPS 2037    Max MPS 4260
02:02:15.134  Tot Msg 668058  Cur MPS 1200    Avg MPS 2035    Max MPS 4260
02:02:16.134  Tot Msg 671562  Cur MPS 3504    Avg MPS 2039    Max MPS 4260
02:02:17.135  Tot Msg 672971  Cur MPS 1408    Avg MPS 2037    Max MPS 4260
02:02:18.137  Tot Msg 676104  Cur MPS 3127    Avg MPS 2041    Max MPS 4260
02:02:19.138  Tot Msg 678953  Cur MPS 2846    Avg MPS 2043    Max MPS 4260
02:02:20.140  Tot Msg 681987  Cur MPS 3028    Avg MPS 2046    Max MPS 4260
02:02:21.141  Tot Msg 685053  Cur MPS 3063    Avg MPS 2049    Max MPS 4260
02:02:22.141  Tot Msg 686203  Cur MPS 1150    Avg MPS 2046    Max MPS 4260
02:02:23.142  Tot Msg 686539  Cur MPS 336     Avg MPS 2041    Max MPS 4260
02:02:24.142  Tot Msg 688619  Cur MPS 2080    Avg MPS 2041    Max MPS 4260
02:02:25.142  Tot Msg 690242  Cur MPS 1623    Avg MPS 2040    Max MPS 4260
02:02:26.143  Tot Msg 693125  Cur MPS 2880    Avg MPS 2043    Max MPS 4260
02:02:27.143  Tot Msg 695457  Cur MPS 2332    Avg MPS 2044    Max MPS 4260
02:02:28.143  Tot Msg 698562  Cur MPS 3105    Avg MPS 2047    Max MPS 4260
02:02:29.143  Tot Msg 701226  Cur MPS 2664    Avg MPS 2048    Max MPS 4260
02:02:30.145  Tot Msg 704104  Cur MPS 2872    Avg MPS 2051    Max MPS 4260
02:02:31.145  Tot Msg 707053  Cur MPS 2949    Avg MPS 2053    Max MPS 4260
02:02:32.147  Tot Msg 707677  Cur MPS 623     Avg MPS 2049    Max MPS 4260
02:02:33.148  Tot Msg 709960  Cur MPS 2281    Avg MPS 2050    Max MPS 4260
02:02:34.148  Tot Msg 712765  Cur MPS 2805    Avg MPS 2052    Max MPS 4260
02:02:35.148  Tot Msg 715961  Cur MPS 3196    Avg MPS 2055    Max MPS 4260
02:02:36.149  Tot Msg 717527  Cur MPS 1564    Avg MPS 2054    Max MPS 4260
02:02:37.149  Tot Msg 719031  Cur MPS 1504    Avg MPS 2052    Max MPS 4260
02:02:38.150  Tot Msg 721154  Cur MPS 2121    Avg MPS 2053    Max MPS 4260
02:02:39.150  Tot Msg 723650  Cur MPS 2496    Avg MPS 2054    Max MPS 4260
02:02:40.150  Tot Msg 725155  Cur MPS 1505    Avg MPS 2052    Max MPS 4260
02:02:41.150  Tot Msg 727962  Cur MPS 2807    Avg MPS 2054    Max MPS 4260
02:02:42.151  Tot Msg 730917  Cur MPS 2952    Avg MPS 2057    Max MPS 4260
02:02:43.151  Tot Msg 733624  Cur MPS 2707    Avg MPS 2059    Max MPS 4260
02:02:44.153  Tot Msg 734796  Cur MPS 1170    Avg MPS 2056    Max MPS 4260
02:02:45.154  Tot Msg 737455  Cur MPS 2656    Avg MPS 2058    Max MPS 4260
02:02:46.154  Tot Msg 740667  Cur MPS 3212    Avg MPS 2061    Max MPS 4260
02:02:47.154  Tot Msg 742153  Cur MPS 1486    Avg MPS 2060    Max MPS 4260
02:02:48.155  Tot Msg 744023  Cur MPS 1868    Avg MPS 2059    Max MPS 4260
02:02:49.155  Tot Msg 744023  Cur MPS 0       Avg MPS 2053    Max MPS 4260
02:02:50.156  Tot Msg 746670  Cur MPS 2644    Avg MPS 2055    Max MPS 4260
02:02:51.158  Tot Msg 749682  Cur MPS 3006    Avg MPS 2058    Max MPS 4260
02:02:52.159  Tot Msg 752653  Cur MPS 2968    Avg MPS 2060    Max MPS 4260
02:02:53.159  Tot Msg 755661  Cur MPS 3008    Avg MPS 2063    Max MPS 4260
02:02:54.159  Tot Msg 757273  Cur MPS 1612    Avg MPS 2062    Max MPS 4260
02:02:55.160  Tot Msg 759917  Cur MPS 2641    Avg MPS 2063    Max MPS 4260
02:02:56.161  Tot Msg 762669  Cur MPS 2749    Avg MPS 2065    Max MPS 4260
02:02:57.163  Tot Msg 764748  Cur MPS 2075    Avg MPS 2065    Max MPS 4260
02:02:58.164  Tot Msg 766885  Cur MPS 2135    Avg MPS 2065    Max MPS 4260
02:02:59.165  Tot Msg 768360  Cur MPS 1475    Avg MPS 2064    Max MPS 4260
02:03:00.165  Tot Msg 772248  Cur MPS 3884    Avg MPS 2068    Max MPS 4260
02:03:01.167  Tot Msg 773597  Cur MPS 1348    Avg MPS 2067    Max MPS 4260
02:03:02.168  Tot Msg 776305  Cur MPS 2705    Avg MPS 2068    Max MPS 4260
02:03:03.169  Tot Msg 779001  Cur MPS 2693    Avg MPS 2070    Max MPS 4260
02:03:04.170  Tot Msg 781912  Cur MPS 2905    Avg MPS 2072    Max MPS 4260
02:03:05.171  Tot Msg 783548  Cur MPS 1634    Avg MPS 2071    Max MPS 4260
02:03:06.173  Tot Msg 786457  Cur MPS 2903    Avg MPS 2073    Max MPS 4260
02:03:07.174  Tot Msg 786478  Cur MPS 21      Avg MPS 2068    Max MPS 4260
02:03:08.176  Tot Msg 788526  Cur MPS 2046    Avg MPS 2068    Max MPS 4260
02:03:09.177  Tot Msg 790834  Cur MPS 2303    Avg MPS 2068    Max MPS 4260
02:03:10.178  Tot Msg 793165  Cur MPS 2329    Avg MPS 2069    Max MPS 4260
02:03:11.179  Tot Msg 795709  Cur MPS 2541    Avg MPS 2070    Max MPS 4260
02:03:12.181  Tot Msg 798466  Cur MPS 2751    Avg MPS 2072    Max MPS 4260
02:03:13.180  Tot Msg 799661  Cur MPS 1196    Avg MPS 2070    Max MPS 4260
02:03:14.180  Tot Msg 800632  Cur MPS 971     Avg MPS 2067    Max MPS 4260
02:03:15.182  Tot Msg 801720  Cur MPS 1086    Avg MPS 2064    Max MPS 4260
02:03:16.183  Tot Msg 803768  Cur MPS 2046    Avg MPS 2064    Max MPS 4260
02:03:17.184  Tot Msg 805075  Cur MPS 1306    Avg MPS 2062    Max MPS 4260
02:03:18.186  Tot Msg 807250  Cur MPS 2171    Avg MPS 2063    Max MPS 4260
02:03:19.187  Tot Msg 809554  Cur MPS 2302    Avg MPS 2063    Max MPS 4260
02:03:20.189  Tot Msg 811058  Cur MPS 1501    Avg MPS 2062    Max MPS 4260
02:03:21.190  Tot Msg 814354  Cur MPS 3293    Avg MPS 2065    Max MPS 4260
02:03:22.191  Tot Msg 815402  Cur MPS 1047    Avg MPS 2062    Max MPS 4260
02:03:23.194  Tot Msg 817774  Cur MPS 2365    Avg MPS 2063    Max MPS 4260
02:03:24.196  Tot Msg 819221  Cur MPS 1444    Avg MPS 2062    Max MPS 4260
02:03:25.197  Tot Msg 821869  Cur MPS 2645    Avg MPS 2063    Max MPS 4260
02:03:26.199  Tot Msg 823214  Cur MPS 1342    Avg MPS 2061    Max MPS 4260
02:03:27.201  Tot Msg 824622  Cur MPS 1405    Avg MPS 2060    Max MPS 4260
02:03:28.202  Tot Msg 827805  Cur MPS 3183    Avg MPS 2062    Max MPS 4260
02:03:29.203  Tot Msg 831024  Cur MPS 3213    Avg MPS 2065    Max MPS 4260
02:03:30.204  Tot Msg 832750  Cur MPS 1724    Avg MPS 2064    Max MPS 4260
02:03:31.205  Tot Msg 835027  Cur MPS 2277    Avg MPS 2065    Max MPS 4260
02:03:32.206  Tot Msg 837487  Cur MPS 2455    Avg MPS 2066    Max MPS 4260
02:03:33.207  Tot Msg 839275  Cur MPS 1788    Avg MPS 2065    Max MPS 4260
02:03:34.208  Tot Msg 842483  Cur MPS 3202    Avg MPS 2068    Max MPS 4260
02:03:35.210  Tot Msg 843955  Cur MPS 1469    Avg MPS 2067    Max MPS 4260
02:03:36.211  Tot Msg 846755  Cur MPS 2797    Avg MPS 2068    Max MPS 4260
02:03:37.212  Tot Msg 849048  Cur MPS 2291    Avg MPS 2069    Max MPS 4260
02:03:38.213  Tot Msg 851501  Cur MPS 2451    Avg MPS 2070    Max MPS 4260
02:03:39.215  Tot Msg 854232  Cur MPS 2726    Avg MPS 2071    Max MPS 4260
02:03:40.216  Tot Msg 857448  Cur MPS 3213    Avg MPS 2074    Max MPS 4260
02:03:41.217  Tot Msg 858965  Cur MPS 1515    Avg MPS 2073    Max MPS 4260
02:03:42.218  Tot Msg 861748  Cur MPS 2780    Avg MPS 2075    Max MPS 4260
02:03:43.219  Tot Msg 864350  Cur MPS 2602    Avg MPS 2076    Max MPS 4260
02:03:44.220  Tot Msg 865838  Cur MPS 1485    Avg MPS 2074    Max MPS 4260
02:03:45.221  Tot Msg 866366  Cur MPS 527     Avg MPS 2071    Max MPS 4260
02:03:46.222  Tot Msg 869128  Cur MPS 2759    Avg MPS 2072    Max MPS 4260
02:03:47.222  Tot Msg 871677  Cur MPS 2549    Avg MPS 2073    Max MPS 4260
02:03:48.225  Tot Msg 872717  Cur MPS 1037    Avg MPS 2071    Max MPS 4260
02:03:49.226  Tot Msg 875944  Cur MPS 3224    Avg MPS 2074    Max MPS 4260
02:03:50.227  Tot Msg 877565  Cur MPS 1619    Avg MPS 2073    Max MPS 4260
02:03:51.228  Tot Msg 881723  Cur MPS 4154    Avg MPS 2078    Max MPS 4260
02:03:52.228  Tot Msg 883118  Cur MPS 1395    Avg MPS 2076    Max MPS 4260
02:03:53.229  Tot Msg 886248  Cur MPS 3127    Avg MPS 2078    Max MPS 4260
02:03:54.230  Tot Msg 887371  Cur MPS 1122    Avg MPS 2076    Max MPS 4260
02:03:55.231  Tot Msg 889960  Cur MPS 2586    Avg MPS 2077    Max MPS 4260
02:03:56.232  Tot Msg 892760  Cur MPS 2797    Avg MPS 2079    Max MPS 4260
02:03:57.234  Tot Msg 895768  Cur MPS 3005    Avg MPS 2081    Max MPS 4260
02:03:58.234  Tot Msg 897100  Cur MPS 1331    Avg MPS 2079    Max MPS 4260
02:03:59.235  Tot Msg 900966  Cur MPS 3862    Avg MPS 2084    Max MPS 4260
02:04:00.236  Tot Msg 902600  Cur MPS 1632    Avg MPS 2083    Max MPS 4260
02:04:01.239  Tot Msg 905659  Cur MPS 3053    Avg MPS 2085    Max MPS 4260
02:04:02.239  Tot Msg 908506  Cur MPS 2844    Avg MPS 2087    Max MPS 4260
02:04:03.239  Tot Msg 910973  Cur MPS 2467    Avg MPS 2087    Max MPS 4260
02:04:04.241  Tot Msg 912848  Cur MPS 1871    Avg MPS 2087    Max MPS 4260
02:04:05.241  Tot Msg 915565  Cur MPS 2717    Avg MPS 2088    Max MPS 4260
02:04:06.243  Tot Msg 917678  Cur MPS 2109    Avg MPS 2088    Max MPS 4260
02:04:07.245  Tot Msg 919085  Cur MPS 1404    Avg MPS 2087    Max MPS 4260
02:04:08.247  Tot Msg 922216  Cur MPS 3128    Avg MPS 2089    Max MPS 4260
02:04:09.247  Tot Msg 925170  Cur MPS 2951    Avg MPS 2091    Max MPS 4260
02:04:10.248  Tot Msg 926770  Cur MPS 1598    Avg MPS 2090    Max MPS 4260
02:04:11.251  Tot Msg 929469  Cur MPS 2691    Avg MPS 2091    Max MPS 4260
02:04:12.252  Tot Msg 931576  Cur MPS 2105    Avg MPS 2091    Max MPS 4260
02:04:13.253  Tot Msg 934474  Cur MPS 2895    Avg MPS 2093    Max MPS 4260
02:04:14.254  Tot Msg 936269  Cur MPS 1793    Avg MPS 2093    Max MPS 4260
02:04:15.254  Tot Msg 938008  Cur MPS 1739    Avg MPS 2092    Max MPS 4260
02:04:16.262  Tot Msg 940808  Cur MPS 2778    Avg MPS 2093    Max MPS 4260
02:04:17.262  Tot Msg 942248  Cur MPS 1440    Avg MPS 2092    Max MPS 4260
02:04:18.263  Tot Msg 944968  Cur MPS 2720    Avg MPS 2093    Max MPS 4260
02:04:19.263  Tot Msg 946552  Cur MPS 1582    Avg MPS 2092    Max MPS 4260
02:04:20.264  Tot Msg 948952  Cur MPS 2398    Avg MPS 2093    Max MPS 4260
02:04:21.265  Tot Msg 951549  Cur MPS 2597    Avg MPS 2094    Max MPS 4260
02:04:22.265  Tot Msg 953923  Cur MPS 2372    Avg MPS 2094    Max MPS 4260
02:04:23.267  Tot Msg 955512  Cur MPS 1586    Avg MPS 2093    Max MPS 4260
02:04:24.268  Tot Msg 958552  Cur MPS 3037    Avg MPS 2095    Max MPS 4260
02:04:25.268  Tot Msg 961485  Cur MPS 2933    Avg MPS 2097    Max MPS 4260
02:04:26.270  Tot Msg 964685  Cur MPS 3194    Avg MPS 2100    Max MPS 4260
02:04:27.270  Tot Msg 967864  Cur MPS 3179    Avg MPS 2102    Max MPS 4260
02:04:28.270  Tot Msg 970426  Cur MPS 2562    Avg MPS 2103    Max MPS 4260
02:04:29.271  Tot Msg 972764  Cur MPS 2336    Avg MPS 2104    Max MPS 4260
02:04:30.272  Tot Msg 975873  Cur MPS 3106    Avg MPS 2106    Max MPS 4260
02:04:31.272  Tot Msg 977464  Cur MPS 1591    Avg MPS 2105    Max MPS 4260
02:04:32.272  Tot Msg 981560  Cur MPS 4096    Avg MPS 2109    Max MPS 4260
02:04:33.273  Tot Msg 983869  Cur MPS 2307    Avg MPS 2109    Max MPS 4260
02:04:34.274  Tot Msg 986149  Cur MPS 2278    Avg MPS 2110    Max MPS 4260
02:04:35.275  Tot Msg 989048  Cur MPS 2896    Avg MPS 2111    Max MPS 4260
02:04:36.277  Tot Msg 990443  Cur MPS 1392    Avg MPS 2110    Max MPS 4260
02:04:37.278  Tot Msg 993560  Cur MPS 3114    Avg MPS 2112    Max MPS 4260
02:04:38.278  Tot Msg 995106  Cur MPS 1546    Avg MPS 2111    Max MPS 4260
02:04:39.280  Tot Msg 997963  Cur MPS 2851    Avg MPS 2112    Max MPS 4260
02:04:40.281  Tot Msg 1000000 Cur MPS 2035    Avg MPS 2112    Max MPS 4260
